# JRE version: OpenJDK Runtime Environment Zulu24.30+11-CA (24.0.1+9) (build 24.0.1+9)
# Java VM: OpenJDK 64-Bit Server VM Zulu24.30+11-CA (24.0.1+9, mixed mode, sharing, tiered, compressed oops, compressed class ptrs, g1 gc, windows-amd64)
GC Precious Log:
 CardTable entry size: 512
 Card Set container configuration: InlinePtr #cards 5 size 8 Array Of Cards #cards 10 size 36 Howl #buckets 4 coarsen threshold 1843 Howl Bitmap #cards 512 size 80 coarsen threshold 460 Card regions per heap region 1 cards per card region 2048
 CPUs: 8 total, 8 available
 Memory: 7418M
 Large Page Support: Disabled
 NUMA Support: Disabled
 Compressed Oops: Enabled (32-bit)
 Heap Region Size: 1M
 Heap Min Capacity: 8M
 Heap Initial Capacity: 8M
 Heap Max Capacity: 1856M
 Pre-touch: Disabled
 Parallel Workers: 8
 Concurrent Workers: 2
 Concurrent Refinement Workers: 8
 Periodic GC: Disabled
Heap:
 garbage-first heap   total reserved 1900544K, committed 34816K, used 10654K [0x000000008c000000, 0x0000000100000000)
  region size 1024K, 2 young (2048K), 1 survivors (1024K)
 Metaspace       used 9982K, committed 10240K, reserved 1114112K
  class space    used 990K, committed 1088K, reserved 1048576K
GC Heap History (20 events):
Event: 0.674 GC heap before
{Heap before GC invocations=5 (full 0):
 garbage-first heap   total reserved 1900544K, committed 10240K, used 5697K [0x000000008c000000, 0x0000000100000000)
  region size 1024K, 3 young (3072K), 1 survivors (1024K)
 Metaspace       used 8160K, committed 8384K, reserved 1114112K
  class space    used 804K, committed 896K, reserved 1048576K
}
Event: 0.678 GC heap after
{Heap after GC invocations=6 (full 0):
 garbage-first heap   total reserved 1900544K, committed 10240K, used 4132K [0x000000008c000000, 0x0000000100000000)
  region size 1024K, 1 young (1024K), 1 survivors (1024K)
 Metaspace       used 8160K, committed 8384K, reserved 1114112K
  class space    used 804K, committed 896K, reserved 1048576K
}
Event: 0.693 GC heap before
{Heap before GC invocations=6 (full 0):
 garbage-first heap   total reserved 1900544K, committed 10240K, used 6180K [0x000000008c000000, 0x0000000100000000)
  region size 1024K, 3 young (3072K), 1 survivors (1024K)
 Metaspace       used 8197K, committed 8384K, reserved 1114112K
  class space    used 807K, committed 896K, reserved 1048576K
}
Event: 0.696 GC heap after
{Heap after GC invocations=7 (full 0):
 garbage-first heap   total reserved 1900544K, committed 10240K, used 4303K [0x000000008c000000, 0x0000000100000000)
  region size 1024K, 1 young (1024K), 1 survivors (1024K)
 Metaspace       used 8197K, committed 8384K, reserved 1114112K
  class space    used 807K, committed 896K, reserved 1048576K
}
Event: 0.739 GC heap before
{Heap before GC invocations=8 (full 0):
 garbage-first heap   total reserved 1900544K, committed 10240K, used 7375K [0x000000008c000000, 0x0000000100000000)
  region size 1024K, 4 young (4096K), 1 survivors (1024K)
 Metaspace       used 8311K, committed 8448K, reserved 1114112K
  class space    used 813K, committed 896K, reserved 1048576K
}
Event: 0.742 GC heap after
{Heap after GC invocations=9 (full 0):
 garbage-first heap   total reserved 1900544K, committed 10240K, used 4791K [0x000000008c000000, 0x0000000100000000)
  region size 1024K, 1 young (1024K), 1 survivors (1024K)
 Metaspace       used 8311K, committed 8448K, reserved 1114112K
  class space    used 813K, committed 896K, reserved 1048576K
}
Event: 0.759 GC heap before
{Heap before GC invocations=9 (full 0):
 garbage-first heap   total reserved 1900544K, committed 10240K, used 7863K [0x000000008c000000, 0x0000000100000000)
  region size 1024K, 4 young (4096K), 1 survivors (1024K)
 Metaspace       used 8325K, committed 8512K, reserved 1114112K
  class space    used 813K, committed 896K, reserved 1048576K
}
Event: 0.762 GC heap after
{Heap after GC invocations=10 (full 0):
 garbage-first heap   total reserved 1900544K, committed 17408K, used 5248K [0x000000008c000000, 0x0000000100000000)
  region size 1024K, 1 young (1024K), 1 survivors (1024K)
 Metaspace       used 8325K, committed 8512K, reserved 1114112K
  class space    used 813K, committed 896K, reserved 1048576K
}
Event: 0.858 GC heap before
{Heap before GC invocations=11 (full 0):
 garbage-first heap   total reserved 1900544K, committed 17408K, used 11392K [0x000000008c000000, 0x0000000100000000)
  region size 1024K, 8 young (8192K), 1 survivors (1024K)
 Metaspace       used 8510K, committed 8704K, reserved 1114112K
  class space    used 835K, committed 896K, reserved 1048576K
}
Event: 0.865 GC heap after
{Heap after GC invocations=12 (full 0):
 garbage-first heap   total reserved 1900544K, committed 17408K, used 6702K [0x000000008c000000, 0x0000000100000000)
  region size 1024K, 1 young (1024K), 1 survivors (1024K)
 Metaspace       used 8510K, committed 8704K, reserved 1114112K
  class space    used 835K, committed 896K, reserved 1048576K
}
Event: 0.887 GC heap before
{Heap before GC invocations=12 (full 0):
 garbage-first heap   total reserved 1900544K, committed 17408K, used 11822K [0x000000008c000000, 0x0000000100000000)
  region size 1024K, 6 young (6144K), 1 survivors (1024K)
 Metaspace       used 8532K, committed 8704K, reserved 1114112K
  class space    used 837K, committed 896K, reserved 1048576K
}
Event: 0.891 GC heap after
{Heap after GC invocations=13 (full 0):
 garbage-first heap   total reserved 1900544K, committed 17408K, used 7760K [0x000000008c000000, 0x0000000100000000)
  region size 1024K, 1 young (1024K), 1 survivors (1024K)
 Metaspace       used 8532K, committed 8704K, reserved 1114112K
  class space    used 837K, committed 896K, reserved 1048576K
}
Event: 0.956 GC heap before
{Heap before GC invocations=13 (full 0):
 garbage-first heap   total reserved 1900544K, committed 17408K, used 12880K [0x000000008c000000, 0x0000000100000000)
  region size 1024K, 6 young (6144K), 1 survivors (1024K)
 Metaspace       used 8842K, committed 9024K, reserved 1114112K
  class space    used 882K, committed 960K, reserved 1048576K
}
Event: 0.960 GC heap after
{Heap after GC invocations=14 (full 0):
 garbage-first heap   total reserved 1900544K, committed 17408K, used 8545K [0x000000008c000000, 0x0000000100000000)
  region size 1024K, 1 young (1024K), 1 survivors (1024K)
 Metaspace       used 8842K, committed 9024K, reserved 1114112K
  class space    used 882K, committed 960K, reserved 1048576K
}
Event: 1.097 GC heap before
{Heap before GC invocations=14 (full 0):
 garbage-first heap   total reserved 1900544K, committed 17408K, used 13665K [0x000000008c000000, 0x0000000100000000)
  region size 1024K, 6 young (6144K), 1 survivors (1024K)
 Metaspace       used 9486K, committed 9664K, reserved 1114112K
  class space    used 947K, committed 1024K, reserved 1048576K
}
Event: 1.102 GC heap after
{Heap after GC invocations=15 (full 0):
 garbage-first heap   total reserved 1900544K, committed 17408K, used 9406K [0x000000008c000000, 0x0000000100000000)
  region size 1024K, 1 young (1024K), 1 survivors (1024K)
 Metaspace       used 9486K, committed 9664K, reserved 1114112K
  class space    used 947K, committed 1024K, reserved 1048576K
}
Event: 1.179 GC heap before
{Heap before GC invocations=16 (full 0):
 garbage-first heap   total reserved 1900544K, committed 17408K, used 13502K [0x000000008c000000, 0x0000000100000000)
  region size 1024K, 5 young (5120K), 1 survivors (1024K)
 Metaspace       used 9602K, committed 9792K, reserved 1114112K
  class space    used 949K, committed 1024K, reserved 1048576K
}
Event: 1.183 GC heap after
{Heap after GC invocations=17 (full 0):
 garbage-first heap   total reserved 1900544K, committed 17408K, used 10085K [0x000000008c000000, 0x0000000100000000)
  region size 1024K, 1 young (1024K), 1 survivors (1024K)
 Metaspace       used 9602K, committed 9792K, reserved 1114112K
  class space    used 949K, committed 1024K, reserved 1048576K
}
Event: 1.307 GC heap before
{Heap before GC invocations=17 (full 0):
 garbage-first heap   total reserved 1900544K, committed 17408K, used 14181K [0x000000008c000000, 0x0000000100000000)
  region size 1024K, 5 young (5120K), 1 survivors (1024K)
 Metaspace       used 9809K, committed 10048K, reserved 1114112K
  class space    used 972K, committed 1088K, reserved 1048576K
}
Event: 1.313 GC heap after
{Heap after GC invocations=18 (full 0):
 garbage-first heap   total reserved 1900544K, committed 34816K, used 10654K [0x000000008c000000, 0x0000000100000000)
  region size 1024K, 1 young (1024K), 1 survivors (1024K)
 Metaspace       used 9809K, committed 10048K, reserved 1114112K
  class space    used 972K, committed 1088K, reserved 1048576K
}

